@A=1.758# B=1.392" C=1.086! D=0.000  E=0.000  F=0.000|7aca52b4-1bf6-41e2-8c49-12aa3dbb194a|2023-04-10 21:12:14.958820
@A=1.758# B=1.392" C=1.086! D=0.000  E=0.000  F=0.000|4487c7b0-b46c-4b6e-880d-08b2f1494919|2023-04-10 21:12:14.960377
@A=1.758# B=1.392" C=1.086! D=0.000  E=0.000  F=0.000|eda679b6-0fb7-4cdf-9830-0092589a9f2f|2023-04-10 21:12:14.961383
@A=1.758# B=1.392" C=1.086! D=0.000  E=0.000  F=0.000|5297c3fd-dd50-4eb1-978f-e26ec110da27|2023-04-10 21:12:14.970232
@A=1.758# B=1.392" C=1.086! D=0.000  E=0.000  F=0.000|0bca03d8-8957-4bfc-9946-d78d10a0fd4f|2023-04-10 21:12:14.971247
@A=1.758# B=1.392" C=1.086! D=0.000  E=0.000  F=0.000|efbaa8e3-7468-40b5-a957-1b62bd3fa5a7|2023-04-10 21:12:14.972571
@A=1.758# B=1.392" C=1.086! D=0.000  E=0.000  F=0.000|a1b12612-97d8-4bfd-8765-0100c46d58e6|2023-04-10 21:12:14.973627
@A=1.758# B=1.392" C=1.086! D=0.000  E=0.000  F=0.000|48b173f4-0fcc-42d9-b35b-977aa5e846ba|2023-04-10 21:12:14.974630
@A=1.758# B=1.392" C=1.086! D=0.000  E=0.000  F=0.000|7651c213-e6b9-4f06-9210-041d04be470a|2023-04-10 21:12:14.975184
@A=1.758# B=1.392" C=1.086! D=0.000  E=0.000  F=0.000|9c138ba9-6c1f-41b2-871b-f72bad221498|2023-04-10 21:12:14.976572
@A=1.758# B=1.392" C=1.086! D=0.000  E=0.000  F=0.000|fd5bb8f3-b40f-40d2-9cb8-869225899ab4|2023-04-10 21:12:14.977614
@A=1.758# B=1.392" C=1.086! D=0.000  E=0.000  F=0.000|13270f88-1dcc-4ab3-964b-bd1538185188|2023-04-10 21:12:14.978118
@A=1.758# B=1.392" C=1.086! D=0.000  E=0.000  F=0.000|9273ffe4-d255-4d0f-8daf-b0a5324a1e54|2023-04-10 21:12:14.985273
@A=1.758# B=1.392" C=1.086! D=0.000  E=0.000  F=0.000|4342c6a4-2b2d-484d-9b32-bdfca26afb7f|2023-04-10 21:12:14.986790
@A=1.758# B=1.392" C=1.086! D=0.000  E=0.000  F=0.000|93f273f5-74c6-4159-b85f-a1f89ec6e095|2023-04-10 21:12:14.987812
@A=1.758# B=1.392" C=1.086! D=0.000  E=0.000  F=0.000|e72dfc8e-0b65-4745-b02d-6d5aec7cbd79|2023-04-10 21:12:14.988740
@A=1.758# B=1.392" C=1.086! D=0.000  E=0.000  F=0.000|0bd289bf-fa8e-40c2-b888-ffa1e33c7c6c|2023-04-10 21:12:14.989507
@A=1.758# B=1.392" C=1.086! D=0.000  E=0.000  F=0.000|21486df3-bd2f-44de-85d8-fb024d1ab293|2023-04-10 21:12:14.990846
@A=1.758# B=1.392" C=1.086! D=0.000  E=0.000  F=0.000|15e3056a-9f43-4b5b-9b52-4c09e3e91df9|2023-04-10 21:27:34.492722
@A=1.758# B=1.392" C=1.086! D=0.000  E=0.000  F=0.000|bea9334d-600c-4869-9a91-f24d36f1607d|2023-04-10 21:27:34.494221
@A=1.758# B=1.392" C=1.086! D=0.000  E=0.000  F=0.000|17e885f8-4842-465c-8fa2-97466a3f3dcb|2023-04-10 21:27:34.495538
@A=1.758# B=1.392" C=1.086! D=0.000  E=0.000  F=0.000|e7516038-8c41-43c4-8376-aade054f5ef9|2023-04-10 21:27:34.496424
@A=1.758# B=1.392" C=1.086! D=0.000  E=0.000  F=0.000|5a0b04dc-c9be-44e1-80c2-3fb3df31fa64|2023-04-10 21:27:34.497414
@A=1.758# B=1.392" C=1.086! D=0.000  E=0.000  F=0.000|bf8bb844-3c06-4837-babe-6e9aac91b195|2023-04-10 21:27:34.498416
@A=1.758# B=1.392" C=1.086! D=0.000  E=0.000  F=0.000|b70e3381-0c95-4f69-80bc-7c41584578e1|2023-04-10 21:27:34.499514
@A=1.758# B=1.392" C=1.086! D=0.000  E=0.000  F=0.000|e393ad11-03b9-4f2c-b9f1-881650bb8392|2023-04-10 21:27:34.500515
@A=1.758# B=1.392" C=1.086! D=0.000  E=0.000  F=0.000|c6b78781-79bb-4960-8987-88b1b66ce61f|2023-04-10 21:27:34.501518
@A=1.758# B=1.392" C=1.086! D=0.000  E=0.000  F=0.000|d6f5c7ff-8b5b-4305-a6fc-a6abda9fc067|2023-04-10 21:27:34.502522
@A=1.758# B=1.392" C=1.086! D=0.000  E=0.000  F=0.000|632896db-66f2-4f93-a6f1-dc6ba5fc64ec|2023-04-10 21:27:34.503537
@A=1.758# B=1.392" C=1.086! D=0.000  E=0.000  F=0.000|1d9a75c4-68cd-47e7-b8f0-6f11195f6f70|2023-04-10 21:27:34.505049
@A=1.758# B=1.392" C=1.086! D=0.000  E=0.000  F=0.000|49d9c2e8-3269-49af-b10e-67d773586410|2023-04-10 21:27:34.512080
@A=1.758# B=1.392" C=1.086! D=0.000  E=0.000  F=0.000|1098e453-d2a1-4431-bcc3-9c2979f2c4f2|2023-04-10 21:27:34.513586
@A=1.758# B=1.392" C=1.086! D=0.000  E=0.000  F=0.000|5acfc087-2729-438d-a3f5-6e78e5d8c72f|2023-04-10 21:27:34.514088
@A=1.758# B=1.392" C=1.086! D=0.000  E=0.000  F=0.000|4dd95c43-5680-40d2-9ceb-edc8802f7ff9|2023-04-10 21:27:34.515176
@A=1.758# B=1.392" C=1.086! D=0.000  E=0.000  F=0.000|ab7c12e1-9c79-458d-a70f-b761a55ce414|2023-04-10 21:27:34.516683
@A=1.758# B=1.392" C=1.086! D=0.000  E=0.000  F=0.000|2e91afce-f685-4b7e-aee6-d9a39e560516|2023-04-10 21:27:34.517683
@A=1.758# B=1.392" C=1.086! D=0.000  E=0.000  F=0.000|0f898a51-e3f2-48f4-b45b-d9ed5c2fd788|2023-04-10 21:28:16.521170
@A=1.758# B=1.392" C=1.086! D=0.000  E=0.000  F=0.000|355949ba-94ca-4e44-bb93-447d68d3a6a3|2023-04-10 21:28:16.523256
@A=1.758# B=1.392" C=1.086! D=0.000  E=0.000  F=0.000|e05f8b2a-f88a-4f44-a3cd-813390971217|2023-04-10 21:28:16.523757
@A=1.758# B=1.392" C=1.086! D=0.000  E=0.000  F=0.000|7c997fae-b83f-42f4-8b2c-ee25b3dec71d|2023-04-10 21:28:16.525272
@A=1.758# B=1.392" C=1.086! D=0.000  E=0.000  F=0.000|8eb47a4e-6784-41e0-bf6a-ea6b7f91a8ce|2023-04-10 21:28:16.526274
@A=1.758# B=1.392" C=1.086! D=0.000  E=0.000  F=0.000|6c43c830-2312-4e8d-9992-75c3f16cbda8|2023-04-10 21:28:16.527464
@A=1.758# B=1.392" C=1.086! D=0.000  E=0.000  F=0.000|862372c6-f908-4080-9ee8-9e52d39c9a3c|2023-04-10 21:28:16.528468
@A=1.758# B=1.392" C=1.086! D=0.000  E=0.000  F=0.000|09a5a96f-8b3a-4bdc-af6f-e8b7e8a31850|2023-04-10 21:28:16.528970
@A=1.758# B=1.392" C=1.086! D=0.000  E=0.000  F=0.000|11e5536d-a7dd-43a3-b37b-a0a7dd6583e3|2023-04-10 21:28:16.530346
@A=1.758# B=1.392" C=1.086! D=0.000  E=0.000  F=0.000|452e7468-ce74-4b3f-8e56-fdc40f1d9b52|2023-04-10 21:28:16.530864
@A=1.758# B=1.392" C=1.086! D=0.000  E=0.000  F=0.000|83667a0d-3135-4833-8e9d-e9c5e67d55a3|2023-04-10 21:28:16.532070
@A=1.758# B=1.392" C=1.086! D=0.000  E=0.000  F=0.000|1c458035-faac-4698-be5e-1fc089d8ff40|2023-04-10 21:28:16.533087
@A=1.758# B=1.392" C=1.086! D=0.000  E=0.000  F=0.000|f28b312f-728b-4136-a9b0-279a3456a93d|2023-04-10 21:28:16.539707
@A=1.758# B=1.392" C=1.086! D=0.000  E=0.000  F=0.000|0dedb77d-e05e-411b-93f0-cab30d4bb318|2023-04-10 21:28:16.540801
@A=1.758# B=1.392" C=1.086! D=0.000  E=0.000  F=0.000|b73c9921-fb71-4c00-a12d-2c04ee91c213|2023-04-10 21:28:16.542209
@A=1.758# B=1.392" C=1.086! D=0.000  E=0.000  F=0.000|71cd59c7-5c7b-4582-b737-935b7d008d5f|2023-04-10 21:28:16.543265
@A=1.758# B=1.392" C=1.086! D=0.000  E=0.000  F=0.000|dd479319-ebbb-4809-9105-8b9d4c5aa58a|2023-04-10 21:28:16.544479
@A=1.758# B=1.392" C=1.086! D=0.000  E=0.000  F=0.000|f8f9d126-da36-4fe0-82c3-5ee13d2afb8d|2023-04-10 21:28:16.545482
@A=1.758# B=1.392" C=1.086! D=0.000  E=0.000  F=0.000|ad11567c-7e45-4825-9666-8b8f829fb357|2023-04-10 21:28:54.560980
@A=1.758# B=1.392" C=1.086! D=0.000  E=0.000  F=0.000|cb391799-f8d3-442f-878b-e9a884820aea|2023-04-10 21:28:54.562481
@A=1.758# B=1.392" C=1.086! D=0.000  E=0.000  F=0.000|8bd64e28-acf5-44ee-8bf0-25ab418a6e0b|2023-04-10 21:28:54.563481
@A=1.758# B=1.392" C=1.086! D=0.000  E=0.000  F=0.000|813c0b82-c334-48ac-9024-865816882f0e|2023-04-10 21:28:54.566303
@A=1.758# B=1.392" C=1.086! D=0.000  E=0.000  F=0.000|1a6d4191-3506-4224-9608-8d2228e0e8c3|2023-04-10 21:28:54.567308
@A=1.758# B=1.392" C=1.086! D=0.000  E=0.000  F=0.000|128d74a9-def0-4b0d-8187-ad779cfbb7ca|2023-04-10 21:28:54.568314
@A=1.758# B=1.392" C=1.086! D=0.000  E=0.000  F=0.000|ddcaa74b-5c18-420a-84d6-3912920ca237|2023-04-10 21:28:54.569316
@A=1.758# B=1.392" C=1.086! D=0.000  E=0.000  F=0.000|7adfc6f6-2012-4681-a731-33349bb20476|2023-04-10 21:28:54.570351
@A=1.758# B=1.392" C=1.086! D=0.000  E=0.000  F=0.000|41b9f483-c1a9-489e-8ae4-32626ee30ccb|2023-04-10 21:28:54.571354
@A=1.758# B=1.392" C=1.086! D=0.000  E=0.000  F=0.000|5adfa403-b26a-400e-8827-fcbb280b6f51|2023-04-10 21:28:54.572362
@A=1.758# B=1.392" C=1.086! D=0.000  E=0.000  F=0.000|7843105d-967e-49c1-b137-8c92de381457|2023-04-10 21:28:54.573365
@A=1.758# B=1.392" C=1.086! D=0.000  E=0.000  F=0.000|fd5f9cf3-40e6-4e5f-9e8e-4395263e3c87|2023-04-10 21:28:54.574382
@A=1.758# B=1.392" C=1.086! D=0.000  E=0.000  F=0.000|6c667718-e57e-4582-8b95-24c4505de70b|2023-04-10 21:28:54.580906
@A=1.758# B=1.392" C=1.086! D=0.000  E=0.000  F=0.000|fc6ab223-6d9c-41a5-861f-595b1f2c582f|2023-04-10 21:28:54.582519
@A=1.758# B=1.392" C=1.086! D=0.000  E=0.000  F=0.000|e938b7e7-7dd6-40fa-92f9-98a2370339e4|2023-04-10 21:28:54.583523
@A=1.758# B=1.392" C=1.086! D=0.000  E=0.000  F=0.000|919e5817-4a6b-453f-af0a-b2efdfaa3255|2023-04-10 21:28:54.584531
@A=1.758# B=1.392" C=1.086! D=0.000  E=0.000  F=0.000|d5a55b82-a88e-4a4d-94a4-170f5b17c656|2023-04-10 21:28:54.585539
@A=1.758# B=1.392" C=1.086! D=0.000  E=0.000  F=0.000|8c60e206-f0fe-45e6-bfb2-966c796c4de3|2023-04-10 21:28:54.586696
@A=1.758# B=1.392" C=1.086! D=0.000  E=0.000  F=0.000|6240ccf8-deb0-4525-bd6f-7a0e3eebee59|2023-04-10 21:30:19.797864
@A=1.758# B=1.392" C=1.086! D=0.000  E=0.000  F=0.000|34321f6a-a459-410d-be26-5c507551d10d|2023-04-10 21:30:19.799924
@A=1.758# B=1.392" C=1.086! D=0.000  E=0.000  F=0.000|4c5f2883-9b6c-42c5-9f93-6bd22d1056fc|2023-04-10 21:30:19.800925
@A=1.758# B=1.392" C=1.086! D=0.000  E=0.000  F=0.000|21cce3ff-56e5-474c-9964-51d944883823|2023-04-10 21:30:19.802987
@A=1.758# B=1.392" C=1.086! D=0.000  E=0.000  F=0.000|08b08aab-0bac-4f93-9fb1-d772cceeff87|2023-04-10 21:30:19.804244
@A=1.758# B=1.392" C=1.086! D=0.000  E=0.000  F=0.000|c05c56d5-b8fb-45c6-a36c-45562cc8df65|2023-04-10 21:30:19.805456
@A=1.758# B=1.392" C=1.086! D=0.000  E=0.000  F=0.000|5410e547-2ec4-4eed-8896-0831d8545e7e|2023-04-10 21:30:19.805956
@A=1.758# B=1.392" C=1.086! D=0.000  E=0.000  F=0.000|3d90692b-a2ff-4d4d-9cc6-af3c06535ad8|2023-04-10 21:30:19.806959
@A=1.758# B=1.392" C=1.086! D=0.000  E=0.000  F=0.000|0ddeda46-7a4c-4326-8c4d-c6a48884a99a|2023-04-10 21:30:19.807964
@A=1.758# B=1.392" C=1.086! D=0.000  E=0.000  F=0.000|872be961-2994-474a-b0ea-5cdb3b87719c|2023-04-10 21:30:19.809209
@A=1.758# B=1.392" C=1.086! D=0.000  E=0.000  F=0.000|ffd5882d-0b7b-4315-bf47-63d324708129|2023-04-10 21:30:19.809709
@A=1.758# B=1.392" C=1.086! D=0.000  E=0.000  F=0.000|3841e6b9-fbda-47ac-9249-84cab25b6252|2023-04-10 21:30:19.811123
@A=1.758# B=1.392" C=1.086! D=0.000  E=0.000  F=0.000|d3b64cc0-5ca7-4268-8911-5f32888574e6|2023-04-10 21:30:19.818160
@A=1.758# B=1.392" C=1.086! D=0.000  E=0.000  F=0.000|6819fdab-8400-430f-b96e-d747902618bc|2023-04-10 21:30:19.819666
@A=1.758# B=1.392" C=1.086! D=0.000  E=0.000  F=0.000|fecaafeb-74e0-4376-a17e-f030f850b2de|2023-04-10 21:30:19.820168
@A=1.758# B=1.392" C=1.086! D=0.000  E=0.000  F=0.000|5bd8f279-df5f-4858-b7e8-70a702b6d6b9|2023-04-10 21:30:19.821667
@A=1.758# B=1.392" C=1.086! D=0.000  E=0.000  F=0.000|8cad62af-ea68-45d2-b2a1-62d6729a4692|2023-04-10 21:30:19.822170
@A=1.758# B=1.392" C=1.086! D=0.000  E=0.000  F=0.000|86cc5a5e-e61b-4c05-b217-ed187dd75d11|2023-04-10 21:30:19.823676
@A=1.758# B=1.392" C=1.086! D=0.000  E=0.000  F=0.000|858a0f02-f270-4986-a2b7-b133ef689529|2023-04-10 21:30:41.921172
@A=1.758# B=1.392" C=1.086! D=0.000  E=0.000  F=0.000|17a60f09-1adb-41c2-9aed-64468ee40596|2023-04-10 21:30:41.922544
@A=1.758# B=1.392" C=1.086! D=0.000  E=0.000  F=0.000|5e340b6c-71db-454e-a096-c42128021bbb|2023-04-10 21:30:41.923653
@A=1.758# B=1.392" C=1.086! D=0.000  E=0.000  F=0.000|dee4013c-6505-4c83-8a38-75d0f933179b|2023-04-10 21:30:41.925979
@A=1.758# B=1.392" C=1.086! D=0.000  E=0.000  F=0.000|4f2e54a4-b754-42f6-bc40-224de0e7e8a5|2023-04-10 21:30:41.926982
@A=1.758# B=1.392" C=1.086! D=0.000  E=0.000  F=0.000|fa37c819-57ec-4be4-a462-c8c65b4290a4|2023-04-10 21:30:41.928220
@A=1.758# B=1.392" C=1.086! D=0.000  E=0.000  F=0.000|2c9937d3-f20c-4b12-af03-d11f8930d91e|2023-04-10 21:30:41.929220
@A=1.758# B=1.392" C=1.086! D=0.000  E=0.000  F=0.000|1674bf21-302d-404c-a153-e1f2095c41fd|2023-04-10 21:30:41.930220
@A=1.758# B=1.392" C=1.086! D=0.000  E=0.000  F=0.000|0a413d45-25aa-400a-beb7-e80c44093356|2023-04-10 21:30:41.930721
@A=1.758# B=1.392" C=1.086! D=0.000  E=0.000  F=0.000|4d1e4816-6366-45a6-9277-62d4671a5aec|2023-04-10 21:30:41.931721
@A=1.758# B=1.392" C=1.086! D=0.000  E=0.000  F=0.000|e66e1aae-087f-40c4-92f2-62a5f9bdeb22|2023-04-10 21:30:41.932854
@A=1.758# B=1.392" C=1.086! D=0.000  E=0.000  F=0.000|e82d60db-b7d3-4c17-a43d-0b4d4b75b936|2023-04-10 21:30:41.933914
@A=1.758# B=1.392" C=1.086! D=0.000  E=0.000  F=0.000|86284898-b195-4e2c-a366-b417092dcbb1|2023-04-10 21:30:41.940895
@A=1.758# B=1.392" C=1.086! D=0.000  E=0.000  F=0.000|3e2ac074-1952-4ea5-8fa5-7c7940ecae05|2023-04-10 21:30:41.942420
@A=1.758# B=1.392" C=1.086! D=0.000  E=0.000  F=0.000|bde2bfa1-3e99-45a1-b3c9-03a2b2501323|2023-04-10 21:30:41.943446
@A=1.758# B=1.392" C=1.086! D=0.000  E=0.000  F=0.000|80748ba3-6a0c-4691-9f80-274f062764e4|2023-04-10 21:30:41.944450
@A=1.758# B=1.392" C=1.086! D=0.000  E=0.000  F=0.000|a1bf7a12-ad68-4219-8dc1-6afff134cea7|2023-04-10 21:30:41.945453
@A=1.758# B=1.392" C=1.086! D=0.000  E=0.000  F=0.000|5df3b963-694f-41fd-a6ce-deabdf1dc957|2023-04-10 21:30:41.946463
@A=1.758# B=1.392" C=1.086! D=0.000  E=0.000  F=0.000|eceeec48-2c1f-48eb-9c10-14a7d440def5|2023-04-10 22:26:27.845495
@A=1.758# B=1.392" C=1.086! D=0.000  E=0.000  F=0.000|4e0a5552-e59e-4dd7-a98f-cc7882b4edc6|2023-04-10 22:26:27.847350
@A=1.758# B=1.392" C=1.086! D=0.000  E=0.000  F=0.000|95efa6d2-1a61-4e90-8811-532d2b31d2f0|2023-04-10 22:26:27.847886
@A=1.758# B=1.392" C=1.086! D=0.000  E=0.000  F=0.000|4a3e69e7-8cb4-4310-ab24-6abd4ca93326|2023-04-10 22:26:27.849230
@A=1.758# B=1.392" C=1.086! D=0.000  E=0.000  F=0.000|bfa5779f-241e-468a-b81b-80a46e4a66b6|2023-04-10 22:26:27.850315
@A=1.758# B=1.392" C=1.086! D=0.000  E=0.000  F=0.000|52ef88ea-5957-488c-bc6c-33ba2cf351a6|2023-04-10 22:26:27.851431
@A=1.758# B=1.392" C=1.086! D=0.000  E=0.000  F=0.000|acccd20f-5f9b-4020-9db4-5330f869afef|2023-04-10 22:26:27.852431
@A=1.758# B=1.392" C=1.086! D=0.000  E=0.000  F=0.000|72836fe5-e7e2-4203-800c-98decafc7808|2023-04-10 22:26:27.852931
@A=1.758# B=1.392" C=1.086! D=0.000  E=0.000  F=0.000|fc44badb-765e-4d93-a071-61685c18247b|2023-04-10 22:26:27.854048
@A=1.758# B=1.392" C=1.086! D=0.000  E=0.000  F=0.000|37a87be9-363e-4437-a6fb-b3a4fdb55667|2023-04-10 22:26:27.855048
@A=1.758# B=1.392" C=1.086! D=0.000  E=0.000  F=0.000|a15d5013-ed52-4c61-bbab-2f616451f62f|2023-04-10 22:26:27.856048
@A=1.758# B=1.392" C=1.086! D=0.000  E=0.000  F=0.000|678555df-265b-48ed-a461-ed9f56cb759d|2023-04-10 22:26:27.857049
@A=1.758# B=1.392" C=1.086! D=0.000  E=0.000  F=0.000|ea9be9bc-2ccf-445e-8c52-3c7b1f07308f|2023-04-10 22:26:27.864063
@A=1.758# B=1.392" C=1.086! D=0.000  E=0.000  F=0.000|da9c69f9-0248-46f9-a31c-eac25337c6f6|2023-04-10 22:26:27.865573
@A=1.758# B=1.392" C=1.086! D=0.000  E=0.000  F=0.000|051559be-68f4-457c-bed3-bb15406f3908|2023-04-10 22:26:27.866577
@A=1.758# B=1.392" C=1.086! D=0.000  E=0.000  F=0.000|edf17f83-062e-4041-ab43-b2654151d219|2023-04-10 22:26:27.867267
@A=1.758# B=1.392" C=1.086! D=0.000  E=0.000  F=0.000|63e49cae-3fce-4980-87b5-e51e84f6cc77|2023-04-10 22:26:27.868259
@A=1.758# B=1.392" C=1.086! D=0.000  E=0.000  F=0.000|88af4b94-1f9e-466e-a6c9-24df4da1139e|2023-04-10 22:26:27.869527
@A=1.758# B=1.392" C=1.086! D=0.000  E=0.000  F=0.000|3f479c0a-d06b-4d72-8792-37c86984cd78|2023-04-10 22:42:21.556461
@A=1.758# B=1.392" C=1.086! D=0.000  E=0.000  F=0.000|de703426-436d-4f16-8a25-12ba7cce43ce|2023-04-10 22:42:21.557976
@A=1.758# B=1.392" C=1.086! D=0.000  E=0.000  F=0.000|a245e7e8-0c87-46ae-91b1-cd17b2c45f20|2023-04-10 22:42:21.559064
@A=1.758# B=1.392" C=1.086! D=0.000  E=0.000  F=0.000|41ef37e6-3526-4e30-bc18-c5a1f11ab82a|2023-04-10 22:42:21.561076
@A=1.758# B=1.392" C=1.086! D=0.000  E=0.000  F=0.000|ceb08858-9e5d-4a4c-a6e7-478cb17cc242|2023-04-10 22:42:21.562080
@A=1.758# B=1.392" C=1.086! D=0.000  E=0.000  F=0.000|f80aa793-ea8f-4ede-b33e-63efbc6c6339|2023-04-10 22:42:21.563088
@A=1.758# B=1.392" C=1.086! D=0.000  E=0.000  F=0.000|c81db6ad-46d8-49ac-b656-87f39cbb4f84|2023-04-10 22:42:21.564091
@A=1.758# B=1.392" C=1.086! D=0.000  E=0.000  F=0.000|e84a232c-0882-48c5-b984-b976ed9a449c|2023-04-10 22:42:21.565106
@A=1.758# B=1.392" C=1.086! D=0.000  E=0.000  F=0.000|5f7bac90-1db0-4723-b3e5-be342dcbf12d|2023-04-10 22:42:21.566154
@A=1.758# B=1.392" C=1.086! D=0.000  E=0.000  F=0.000|56baa465-75b4-4c55-958c-2c504ee4bb70|2023-04-10 22:42:21.567161
@A=1.758# B=1.392" C=1.086! D=0.000  E=0.000  F=0.000|7ca1e911-dc13-46b3-99e0-a14f12fa7f2e|2023-04-10 22:42:21.568169
@A=1.758# B=1.392" C=1.086! D=0.000  E=0.000  F=0.000|3e5ee0a8-24da-40ab-a031-02e19224a732|2023-04-10 22:42:21.569190
@A=1.758# B=1.392" C=1.086! D=0.000  E=0.000  F=0.000|3da9d9e4-b5f7-4d30-abcd-4c13a8cbd767|2023-04-10 22:42:21.576776
@A=1.758# B=1.392" C=1.086! D=0.000  E=0.000  F=0.000|97686a76-806d-4da2-9b09-40dab662e114|2023-04-10 22:42:21.578288
@A=1.758# B=1.392" C=1.086! D=0.000  E=0.000  F=0.000|0754fea7-98e9-461b-a899-b13f1f8a2121|2023-04-10 22:42:21.579497
@A=1.758# B=1.392" C=1.086! D=0.000  E=0.000  F=0.000|b53f551b-7976-4367-a37e-127804a9945b|2023-04-10 22:42:21.580655
@A=1.758# B=1.392" C=1.086! D=0.000  E=0.000  F=0.000|bccab29e-9cc2-49bf-839c-11084f603445|2023-04-10 22:42:21.581709
@A=1.758# B=1.392" C=1.086! D=0.000  E=0.000  F=0.000|d6890109-2539-430c-9916-e7d53b441a87|2023-04-10 22:42:21.582712
@A=1.758# B=1.392" C=1.086! D=0.000  E=0.000  F=0.000|b6fe4649-73b9-4eca-82a4-24f0abeb5ea8|2023-04-10 22:54:40.011603
@A=1.758# B=1.392" C=1.086! D=0.000  E=0.000  F=0.000|9de7bb29-ffca-4a64-b550-835649b44127|2023-04-10 22:54:40.013119
@A=1.758# B=1.392" C=1.086! D=0.000  E=0.000  F=0.000|70d79058-7e59-4346-88d7-8810a83408cc|2023-04-10 22:54:40.013986
@A=1.758# B=1.392" C=1.086! D=0.000  E=0.000  F=0.000|5fe49f6b-b4ee-4403-8dd2-2665c42da3a9|2023-04-10 22:54:40.016678
@A=1.758# B=1.392" C=1.086! D=0.000  E=0.000  F=0.000|839762e2-0552-40fc-8e40-f4d8be634c06|2023-04-10 22:54:40.018165
@A=1.758# B=1.392" C=1.086! D=0.000  E=0.000  F=0.000|ac27c2b3-fdb3-4ec9-9c99-326d359804e9|2023-04-10 22:54:40.019140
@A=1.758# B=1.392" C=1.086! D=0.000  E=0.000  F=0.000|d9ff05e1-d60c-4584-a34d-488b3f939074|2023-04-10 22:54:40.020140
@A=1.758# B=1.392" C=1.086! D=0.000  E=0.000  F=0.000|667f0288-b20f-4d0b-a90b-123d4f1a0a7e|2023-04-10 22:54:40.021140
@A=1.758# B=1.392" C=1.086! D=0.000  E=0.000  F=0.000|c12a41f4-6fe6-4021-ba70-eefd87fc2d55|2023-04-10 22:54:40.022139
@A=1.758# B=1.392" C=1.086! D=0.000  E=0.000  F=0.000|2d0a34c2-2af9-4dc2-b74d-4cf263737961|2023-04-10 22:54:40.023141
@A=1.758# B=1.392" C=1.086! D=0.000  E=0.000  F=0.000|768da4be-26a9-49ee-bfaa-66578e1a3e45|2023-04-10 22:54:40.024141
@A=1.758# B=1.392" C=1.086! D=0.000  E=0.000  F=0.000|16dc59aa-8194-4591-857d-2c33c0c1b6e7|2023-04-10 22:54:40.025141
@A=1.758# B=1.392" C=1.086! D=0.000  E=0.000  F=0.000|0a915971-ad9d-4cec-b220-5de91c9c4c58|2023-04-10 22:54:40.031642
@A=1.758# B=1.392" C=1.086! D=0.000  E=0.000  F=0.000|4064e6eb-1285-4a5f-babf-196c3fb40bf6|2023-04-10 22:54:40.033101
@A=1.758# B=1.392" C=1.086! D=0.000  E=0.000  F=0.000|50431ce5-9e23-4001-a346-8ade91ec4e43|2023-04-10 22:54:40.034252
@A=1.758# B=1.392" C=1.086! D=0.000  E=0.000  F=0.000|fe938b89-cefc-43fe-be0b-ae86c908b585|2023-04-10 22:54:40.035302
@A=1.758# B=1.392" C=1.086! D=0.000  E=0.000  F=0.000|39a67d70-c7b3-4512-82cf-e141dee73d40|2023-04-10 22:54:40.036303
@A=1.758# B=1.392" C=1.086! D=0.000  E=0.000  F=0.000|17bd328a-3d43-4dde-ba82-1624bfcb5ad2|2023-04-10 22:54:40.037303
@A=1.758# B=1.392" C=1.086! D=0.000  E=0.000  F=0.000|de873bff-3379-416e-9f18-e18df335b7c1|2023-04-10 22:56:31.782871
@A=1.758# B=1.392" C=1.086! D=0.000  E=0.000  F=0.000|cb2c6750-02d4-45f9-be54-cbe4bd728de7|2023-04-10 22:56:31.784881
@A=1.758# B=1.392" C=1.086! D=0.000  E=0.000  F=0.000|a9407040-fe14-4079-ad47-48bab7ddfee4|2023-04-10 22:56:31.785894
@A=1.758# B=1.392" C=1.086! D=0.000  E=0.000  F=0.000|4f9f5f8c-b026-4de4-9b65-827ea9355523|2023-04-10 22:56:31.787411
@A=1.758# B=1.392" C=1.086! D=0.000  E=0.000  F=0.000|874b8005-23b7-480c-85aa-71aa2a827643|2023-04-10 22:56:31.787917
@A=1.758# B=1.392" C=1.086! D=0.000  E=0.000  F=0.000|ca76fcba-833a-473e-a7dc-d8281ac99675|2023-04-10 22:56:31.788982
@A=1.758# B=1.392" C=1.086! D=0.000  E=0.000  F=0.000|fb199cad-5cc6-4cce-9209-39cde99cdaa5|2023-04-10 22:56:31.789990
@A=1.758# B=1.392" C=1.086! D=0.000  E=0.000  F=0.000|e2e2f3fa-736e-47ad-b6dc-1df0f832012a|2023-04-10 22:56:31.791157
@A=1.758# B=1.392" C=1.086! D=0.000  E=0.000  F=0.000|230cf3ef-646a-4659-b853-7dcb14ef5685|2023-04-10 22:56:31.791656
@A=1.758# B=1.392" C=1.086! D=0.000  E=0.000  F=0.000|05b9297c-d034-4827-82d0-957349559c8b|2023-04-10 22:56:31.792929
@A=1.758# B=1.392" C=1.086! D=0.000  E=0.000  F=0.000|8c7bceb4-3e17-4af7-8b3f-f56f35db002d|2023-04-10 22:56:31.793466
@A=1.758# B=1.392" C=1.086! D=0.000  E=0.000  F=0.000|5e8f26f9-f878-432c-b7e0-040a8d43c46a|2023-04-10 22:56:31.794974
@A=1.758# B=1.392" C=1.086! D=0.000  E=0.000  F=0.000|5b4715da-db63-4a65-a152-6bef1486618b|2023-04-10 22:56:31.801593
@A=1.758# B=1.392" C=1.086! D=0.000  E=0.000  F=0.000|d6d5d6d0-df41-4eb1-b3c7-b373a1af6236|2023-04-10 22:56:31.803105
@A=1.758# B=1.392" C=1.086! D=0.000  E=0.000  F=0.000|67e16844-f6be-42fb-b96c-3298d589afd4|2023-04-10 22:56:31.804116
@A=1.758# B=1.392" C=1.086! D=0.000  E=0.000  F=0.000|9c0c9fa3-955c-47a6-bd66-f12ca59f600d|2023-04-10 22:56:31.805625
@A=1.758# B=1.392" C=1.086! D=0.000  E=0.000  F=0.000|890033c1-422c-4798-8942-ea06c6a93713|2023-04-10 22:56:31.806516
@A=1.758# B=1.392" C=1.086! D=0.000  E=0.000  F=0.000|b5188262-b241-4395-9eea-3fd790714785|2023-04-10 22:56:31.807522
@A=1.758# B=1.392" C=1.086! D=0.000  E=0.000  F=0.000|d6cf6be8-1147-4c9c-ad70-f32ac8b22682|2023-04-10 22:56:52.535827
@A=1.758# B=1.392" C=1.086! D=0.000  E=0.000  F=0.000|ecabf03d-eff0-4676-a597-af7bd6295945|2023-04-10 22:56:52.538030
@A=1.758# B=1.392" C=1.086! D=0.000  E=0.000  F=0.000|e6c1990c-b0dc-4042-a627-0dfb7ec1d774|2023-04-10 22:56:52.538714
@A=1.758# B=1.392" C=1.086! D=0.000  E=0.000  F=0.000|8166c4cd-9763-47d8-be23-42de1138d0a0|2023-04-10 22:56:52.541865
@A=1.758# B=1.392" C=1.086! D=0.000  E=0.000  F=0.000|8e6e5e66-cbd1-4ec1-b9f3-67ea435e6c6e|2023-04-10 22:56:52.542871
@A=1.758# B=1.392" C=1.086! D=0.000  E=0.000  F=0.000|db576700-658d-453a-818c-faf402af6be1|2023-04-10 22:56:52.543874
@A=1.758# B=1.392" C=1.086! D=0.000  E=0.000  F=0.000|1808ee54-626b-45db-a872-883b473695d3|2023-04-10 22:56:52.544881
@A=1.758# B=1.392" C=1.086! D=0.000  E=0.000  F=0.000|4a1c21b9-237b-4030-a6af-d7a5410ed1d5|2023-04-10 22:56:52.545383
@A=1.758# B=1.392" C=1.086! D=0.000  E=0.000  F=0.000|49283e9f-857e-4dfd-8dfd-dec675fb4f6c|2023-04-10 22:56:52.546387
@A=1.758# B=1.392" C=1.086! D=0.000  E=0.000  F=0.000|6d23d9ab-6e0f-4607-ac15-42e97fccb179|2023-04-10 22:56:52.547390
@A=1.758# B=1.392" C=1.086! D=0.000  E=0.000  F=0.000|ca05ffc8-fa86-44a6-b0d9-eee48680d76a|2023-04-10 22:56:52.548394
@A=1.758# B=1.392" C=1.086! D=0.000  E=0.000  F=0.000|c69a991f-8a6d-41db-8318-2fbb355b844a|2023-04-10 22:56:52.549954
@A=1.758# B=1.392" C=1.086! D=0.000  E=0.000  F=0.000|cf1e4e8f-b371-4e94-9d21-e49294817725|2023-04-10 22:56:52.556539
@A=1.758# B=1.392" C=1.086! D=0.000  E=0.000  F=0.000|d281fad8-94d2-4cdf-a2ea-b78b07b817e2|2023-04-10 22:56:52.558049
@A=1.758# B=1.392" C=1.086! D=0.000  E=0.000  F=0.000|3ffd6efb-1cc8-4634-9dbe-2b36a542fb44|2023-04-10 22:56:52.559149
@A=1.758# B=1.392" C=1.086! D=0.000  E=0.000  F=0.000|d19b9402-488b-48be-8e60-cb21026ffb1d|2023-04-10 22:56:52.560047
@A=1.758# B=1.392" C=1.086! D=0.000  E=0.000  F=0.000|834cb3c8-ca45-4d89-8d4f-7e4359c780ac|2023-04-10 22:56:52.561125
@A=1.758# B=1.392" C=1.086! D=0.000  E=0.000  F=0.000|1a51fc27-b1a4-47d4-99ce-b40d61ee59eb|2023-04-10 22:56:52.562183
@A=1.758# B=1.392" C=1.086! D=0.000  E=0.000  F=0.000|c3f2e782-49e0-4169-9413-43ee6f580698|2023-04-10 22:57:37.529292
@A=1.758# B=1.392" C=1.086! D=0.000  E=0.000  F=0.000|12f9717d-42d7-4eb4-b7be-f1887094c082|2023-04-10 22:57:37.530821
@A=1.758# B=1.392" C=1.086! D=0.000  E=0.000  F=0.000|1f7c7074-a43a-4347-b98f-878ad89c7808|2023-04-10 22:57:37.531830
@A=1.758# B=1.392" C=1.086! D=0.000  E=0.000  F=0.000|e7c9085e-cb05-43e6-8174-703fe5356726|2023-04-10 22:57:37.534191
@A=1.758# B=1.392" C=1.086! D=0.000  E=0.000  F=0.000|09b54130-4e52-4b67-9bf1-2b679c431f6f|2023-04-10 22:57:37.535375
@A=1.758# B=1.392" C=1.086! D=0.000  E=0.000  F=0.000|4db0eaf6-ff6f-4b79-b597-38809058ab83|2023-04-10 22:57:37.536495
@A=1.758# B=1.392" C=1.086! D=0.000  E=0.000  F=0.000|ed9ad9d1-0267-475c-8644-b33332f94862|2023-04-10 22:57:37.536997
@A=1.758# B=1.392" C=1.086! D=0.000  E=0.000  F=0.000|9f0ecea3-0dc4-43ea-9ae5-3c73a33e0fd6|2023-04-10 22:57:37.538513
@A=1.758# B=1.392" C=1.086! D=0.000  E=0.000  F=0.000|edcc6e44-80d0-4f3d-9836-ee5af703f230|2023-04-10 22:57:37.539523
@A=1.758# B=1.392" C=1.086! D=0.000  E=0.000  F=0.000|d644fe81-22af-4a4e-b402-84b7dc33aee1|2023-04-10 22:57:37.540026
@A=1.758# B=1.392" C=1.086! D=0.000  E=0.000  F=0.000|c6bf52ed-df09-45d1-be41-e8b79186c200|2023-04-10 22:57:37.541029
@A=1.758# B=1.392" C=1.086! D=0.000  E=0.000  F=0.000|1a3d0330-fdec-4300-a7fc-3f77e9bfd485|2023-04-10 22:57:37.542537
@A=1.758# B=1.392" C=1.086! D=0.000  E=0.000  F=0.000|269c7963-ad29-4ac5-b48f-673d4ef4c064|2023-04-10 22:57:37.550399
@A=1.758# B=1.392" C=1.086! D=0.000  E=0.000  F=0.000|f1f4563e-3b10-4b3b-a60a-f142117373fa|2023-04-10 22:57:37.552556
@A=1.758# B=1.392" C=1.086! D=0.000  E=0.000  F=0.000|900ed99d-61fd-4cc0-94ef-846f53c075b0|2023-04-10 22:57:37.553170
@A=1.758# B=1.392" C=1.086! D=0.000  E=0.000  F=0.000|46d9a346-7e78-45e2-863e-d66b08e129d3|2023-04-10 22:57:37.554178
@A=1.758# B=1.392" C=1.086! D=0.000  E=0.000  F=0.000|74529bda-edf3-4953-8df2-a1e783eba1f1|2023-04-10 22:57:37.555181
@A=1.758# B=1.392" C=1.086! D=0.000  E=0.000  F=0.000|86d36d64-834c-423c-be94-de0514b240de|2023-04-10 22:57:37.556689
@A=1.758# B=1.392" C=1.086! D=0.000  E=0.000  F=0.000|4d9d5453-2e3e-4243-87c4-11f14a91d14c|2023-04-10 23:00:39.399633
@A=1.758# B=1.392" C=1.086! D=0.000  E=0.000  F=0.000|cfef4fe7-8c30-4511-a5f1-602fe3cbabde|2023-04-10 23:00:39.401666
@A=1.758# B=1.392" C=1.086! D=0.000  E=0.000  F=0.000|178222cf-9b17-4680-b804-4844b71b3ad3|2023-04-10 23:00:39.402694
@A=1.758# B=1.392" C=1.086! D=0.000  E=0.000  F=0.000|4c05da7c-6816-4fcf-a2e1-15491ec94252|2023-04-10 23:00:39.404786
@A=1.758# B=1.392" C=1.086! D=0.000  E=0.000  F=0.000|e5d0ec99-7831-4333-aefc-811aeb878154|2023-04-10 23:00:39.405871
@A=1.758# B=1.392" C=1.086! D=0.000  E=0.000  F=0.000|2df06b6c-c1c3-4413-849b-d3706f02fdcb|2023-04-10 23:00:39.407377
@A=1.758# B=1.392" C=1.086! D=0.000  E=0.000  F=0.000|39359a2b-505f-47c8-9312-31f28ab8f0f8|2023-04-10 23:00:39.408386
@A=1.758# B=1.392" C=1.086! D=0.000  E=0.000  F=0.000|8c7b9fd0-4797-42aa-a132-3b0fa4135bcb|2023-04-10 23:00:39.409389
@A=1.758# B=1.392" C=1.086! D=0.000  E=0.000  F=0.000|b2345561-2f3d-4f07-99ce-28ec9fb4e3b8|2023-04-10 23:00:39.410395
@A=1.758# B=1.392" C=1.086! D=0.000  E=0.000  F=0.000|92263a23-a42d-40a3-8977-feba3b38b6ba|2023-04-10 23:00:39.411491
@A=1.758# B=1.392" C=1.086! D=0.000  E=0.000  F=0.000|5eb47814-e30b-4151-b67e-00fcdfb84821|2023-04-10 23:00:39.412493
@A=1.758# B=1.392" C=1.086! D=0.000  E=0.000  F=0.000|71332402-57dd-4835-a914-f807b67b230b|2023-04-10 23:00:39.413511
@A=1.758# B=1.392" C=1.086! D=0.000  E=0.000  F=0.000|d30c0670-7548-4c38-b6f4-5774ee164b1b|2023-04-10 23:00:39.420603
@A=1.758# B=1.392" C=1.086! D=0.000  E=0.000  F=0.000|172948a4-fed6-421f-bc24-56ea8b832e17|2023-04-10 23:00:39.422115
@A=1.758# B=1.392" C=1.086! D=0.000  E=0.000  F=0.000|3c5b6e3d-a4b7-4d6f-8b0a-8d5e00797c6d|2023-04-10 23:00:39.423400
@A=1.758# B=1.392" C=1.086! D=0.000  E=0.000  F=0.000|fc204767-1b8e-4361-8629-c532b74fa3f0|2023-04-10 23:00:39.424434
@A=1.758# B=1.392" C=1.086! D=0.000  E=0.000  F=0.000|51f83e3e-b2a3-42fc-b55b-50e863f277e6|2023-04-10 23:00:39.425440
@A=1.758# B=1.392" C=1.086! D=0.000  E=0.000  F=0.000|47335b94-27d1-4c2a-8c34-bbedfb5f847c|2023-04-10 23:00:39.425942
@A=1.758# B=1.392" C=1.086! D=0.000  E=0.000  F=0.000|f9bf35dc-2a20-4128-8c58-eb3ad691b328|2023-04-10 23:01:33.766984
@A=1.758# B=1.392" C=1.086! D=0.000  E=0.000  F=0.000|1e70a92d-d96d-480f-af91-2a8e19af824a|2023-04-10 23:01:33.768494
@A=1.758# B=1.392" C=1.086! D=0.000  E=0.000  F=0.000|f7e7ed80-31f9-47c9-9c6e-996418d9305d|2023-04-10 23:01:33.769883
@A=1.758# B=1.392" C=1.086! D=0.000  E=0.000  F=0.000|e93fa247-5656-42aa-bbf9-e68de505a17d|2023-04-10 23:01:33.771400
@A=1.758# B=1.392" C=1.086! D=0.000  E=0.000  F=0.000|ed46d4f4-26df-4748-9aef-131489bd56c4|2023-04-10 23:01:33.771948
@A=1.758# B=1.392" C=1.086! D=0.000  E=0.000  F=0.000|c2489d70-d6f1-44d2-976b-5f0e6c01a5b3|2023-04-10 23:01:33.773416
@A=1.758# B=1.392" C=1.086! D=0.000  E=0.000  F=0.000|dc6913ca-d393-4185-98bb-574293f07c67|2023-04-10 23:01:33.774420
@A=1.758# B=1.392" C=1.086! D=0.000  E=0.000  F=0.000|f7fbe345-3a83-458f-9433-866f062424dc|2023-04-10 23:01:33.775437
@A=1.758# B=1.392" C=1.086! D=0.000  E=0.000  F=0.000|29b8eca9-b64b-4a18-a006-9e1d8d11ca66|2023-04-10 23:01:33.776568
@A=1.758# B=1.392" C=1.086! D=0.000  E=0.000  F=0.000|8d6968f6-a670-4301-aa5c-4b551b4c468b|2023-04-10 23:01:33.777571
@A=1.758# B=1.392" C=1.086! D=0.000  E=0.000  F=0.000|85b23ac1-7da8-4d58-b6b2-313996eb237c|2023-04-10 23:01:33.778574
@A=1.758# B=1.392" C=1.086! D=0.000  E=0.000  F=0.000|4f576aa4-07fc-45d7-a5a5-c7c97d881c19|2023-04-10 23:01:33.779076
@A=1.758# B=1.392" C=1.086! D=0.000  E=0.000  F=0.000|66f459d0-7c8d-4d92-a694-dd9c22a3a3e0|2023-04-10 23:01:33.786158
@A=1.758# B=1.392" C=1.086! D=0.000  E=0.000  F=0.000|138edc4f-ee5c-408a-a307-407be0e324a9|2023-04-10 23:01:33.787160
@A=1.758# B=1.392" C=1.086! D=0.000  E=0.000  F=0.000|b3ea2c56-27e0-4cfc-b1cd-652def8260e0|2023-04-10 23:01:33.787869
@A=1.758# B=1.392" C=1.086! D=0.000  E=0.000  F=0.000|815092aa-621b-47f4-a501-196dae228fe6|2023-04-10 23:01:33.789468
@A=1.758# B=1.392" C=1.086! D=0.000  E=0.000  F=0.000|feac01d4-c4bb-43f7-a41e-3291716b0fe2|2023-04-10 23:01:33.790475
@A=1.758# B=1.392" C=1.086! D=0.000  E=0.000  F=0.000|ab2e84fa-80df-45ae-bb91-9d5d9526309e|2023-04-10 23:01:33.791479
